C:\Program Files (x86)\Microsoft Visual Studio\2019\Community\MSBuild\Microsoft\VC\v160\Microsoft.CppBuild.targets(513,5): warning MSB8028: The intermediate directory (x64\Debug\) contains files shared from another project (AnimaWalk.vcxproj).  This can lead to incorrect clean and rebuild behavior.
  compilation object save succeeded; see D:\Sync\Ufersa\Programação de Jogos\TP1\sanctuary\AnimaWalk\Shaders\Pixel.cso
  compilation object save succeeded; see D:\Sync\Ufersa\Programação de Jogos\TP1\sanctuary\AnimaWalk\Shaders\Vertex.cso
  Animation.cpp
  AnimaWalk.cpp
  Engine.cpp
  Game.cpp
  Geometry.cpp
  Graphics.cpp
  Image.cpp
  Lady.cpp
  Object.cpp
  Renderer.cpp
  Scene.cpp
  Sprite.cpp
  Texture.cpp
  TileSet.cpp
  Timer.cpp
  Window.cpp
  Generating Code...
  AnimaWalk.vcxproj -> D:\Sync\Ufersa\Programação de Jogos\TP1\sanctuary\x64\Debug\Sanctuary.exe
