d:\sync\ufersa\programação de jogos\tp1\sanctuary\animawalk\x64\debug\vc142.pdb
d:\sync\ufersa\programação de jogos\tp1\sanctuary\animawalk\x64\debug\vc142.idb
d:\sync\ufersa\programação de jogos\tp1\sanctuary\animawalk\x64\debug\window.obj
d:\sync\ufersa\programação de jogos\tp1\sanctuary\animawalk\x64\debug\timer.obj
d:\sync\ufersa\programação de jogos\tp1\sanctuary\animawalk\x64\debug\tileset.obj
d:\sync\ufersa\programação de jogos\tp1\sanctuary\animawalk\x64\debug\texture.obj
d:\sync\ufersa\programação de jogos\tp1\sanctuary\animawalk\x64\debug\sprite.obj
d:\sync\ufersa\programação de jogos\tp1\sanctuary\animawalk\x64\debug\scene.obj
d:\sync\ufersa\programação de jogos\tp1\sanctuary\animawalk\x64\debug\renderer.obj
d:\sync\ufersa\programação de jogos\tp1\sanctuary\animawalk\x64\debug\object.obj
d:\sync\ufersa\programação de jogos\tp1\sanctuary\animawalk\x64\debug\lady.obj
d:\sync\ufersa\programação de jogos\tp1\sanctuary\animawalk\x64\debug\image.obj
d:\sync\ufersa\programação de jogos\tp1\sanctuary\animawalk\x64\debug\graphics.obj
d:\sync\ufersa\programação de jogos\tp1\sanctuary\animawalk\x64\debug\geometry.obj
d:\sync\ufersa\programação de jogos\tp1\sanctuary\animawalk\x64\debug\game.obj
d:\sync\ufersa\programação de jogos\tp1\sanctuary\animawalk\x64\debug\engine.obj
d:\sync\ufersa\programação de jogos\tp1\sanctuary\animawalk\x64\debug\animawalk.obj
d:\sync\ufersa\programação de jogos\tp1\sanctuary\animawalk\x64\debug\animation.obj
d:\sync\ufersa\programação de jogos\tp1\sanctuary\animawalk\shaders\pixel.cso
d:\sync\ufersa\programação de jogos\tp1\sanctuary\animawalk\shaders\vertex.cso
d:\sync\ufersa\programação de jogos\tp1\sanctuary\animawalk\x64\debug\sanctuary.ilk
d:\sync\ufersa\programação de jogos\tp1\sanctuary\x64\debug\sanctuary.exe
d:\sync\ufersa\programação de jogos\tp1\sanctuary\x64\debug\sanctuary.pdb
d:\sync\ufersa\programação de jogos\tp1\sanctuary\animawalk\x64\debug\resources.res
d:\sync\ufersa\programação de jogos\tp1\sanctuary\animawalk\x64\debug\sanctuary.tlog\cl.command.1.tlog
d:\sync\ufersa\programação de jogos\tp1\sanctuary\animawalk\x64\debug\sanctuary.tlog\cl.read.1.tlog
d:\sync\ufersa\programação de jogos\tp1\sanctuary\animawalk\x64\debug\sanctuary.tlog\cl.write.1.tlog
d:\sync\ufersa\programação de jogos\tp1\sanctuary\animawalk\x64\debug\sanctuary.tlog\fxc.command.1.tlog
d:\sync\ufersa\programação de jogos\tp1\sanctuary\animawalk\x64\debug\sanctuary.tlog\fxc.read.1.tlog
d:\sync\ufersa\programação de jogos\tp1\sanctuary\animawalk\x64\debug\sanctuary.tlog\fxc.write.1.tlog
d:\sync\ufersa\programação de jogos\tp1\sanctuary\animawalk\x64\debug\sanctuary.tlog\link.command.1.tlog
d:\sync\ufersa\programação de jogos\tp1\sanctuary\animawalk\x64\debug\sanctuary.tlog\link.read.1.tlog
d:\sync\ufersa\programação de jogos\tp1\sanctuary\animawalk\x64\debug\sanctuary.tlog\link.write.1.tlog
d:\sync\ufersa\programação de jogos\tp1\sanctuary\animawalk\x64\debug\sanctuary.tlog\rc.command.1.tlog
d:\sync\ufersa\programação de jogos\tp1\sanctuary\animawalk\x64\debug\sanctuary.tlog\rc.read.1.tlog
d:\sync\ufersa\programação de jogos\tp1\sanctuary\animawalk\x64\debug\sanctuary.tlog\rc.write.1.tlog
